<?xml version="1.0" encoding="UTF-8"?>
<!-- Generated by org.testng.reporters.JUnitXMLReporter -->
<testsuite hostname="FLPUNDL9CB202" name="Test1" tests="3" failures="1" timestamp="31 Aug 2016 09:11:19 GMT" time="4.753" errors="0">
  <testcase name="@AfterMethod endTestCase" time="0.0" classname="NITTestCases.CreateQuestionsTestsandReleaseValidation">
    <failure type="java.lang.NullPointerException">
      <![CDATA[java.lang.NullPointerException
	at NITTestCases.BaseClass.endTestCase(BaseClass.java:133)
... Removed 26 stack frames]]>
    </failure>
  </testcase> <!-- @AfterMethod endTestCase -->
  <testcase name="@AfterMethod endTestCase" time="0.0" classname="NITTestCases.CreateQuestionsTestsandReleaseValidation">
    <skipped/>
  </testcase> <!-- @AfterMethod endTestCase -->
  <testcase name="@AfterMethod endTestCase" time="0.0" classname="NITTestCases.CreateQuestionsTestsandReleaseValidation">
    <skipped/>
  </testcase> <!-- @AfterMethod endTestCase -->
  <testcase name="creatingQuestions" time="0.022" classname="NITTestCases.CreateQuestionsTestsandReleaseValidation">
    <failure type="java.lang.NullPointerException">
      <![CDATA[java.lang.NullPointerException
	at NITTestCases.CreateQuestionsTestsandReleaseValidation.creatingQuestions(CreateQuestionsTestsandReleaseValidation.java:18)
... Removed 24 stack frames]]>
    </failure>
  </testcase> <!-- creatingQuestions -->
  <testcase name="creatingTests" time="0.004" classname="NITTestCases.CreateQuestionsTestsandReleaseValidation">
    <skipped/>
  </testcase> <!-- creatingTests -->
  <testcase name="releaseQuestionsandTests" time="0.011" classname="NITTestCases.CreateQuestionsTestsandReleaseValidation">
    <skipped/>
  </testcase> <!-- releaseQuestionsandTests -->
</testsuite> <!-- Test1 -->
