<?xml version="1.0" encoding="UTF-8"?>
<!-- Generated by org.testng.reporters.JUnitXMLReporter -->
<testsuite hostname="FLPUNDL9CB202" name="Test2" tests="1" failures="1" timestamp="31 Aug 2016 09:11:19 GMT" time="0.237" errors="0">
  <testcase name="@AfterMethod endTestCase" time="0.0" classname="NITTestCases.SchedulingTestsValidation">
    <failure type="java.lang.NullPointerException">
      <![CDATA[java.lang.NullPointerException
	at NITTestCases.BaseClass.endTestCase(BaseClass.java:133)
... Removed 26 stack frames]]>
    </failure>
  </testcase> <!-- @AfterMethod endTestCase -->
  <testcase name="scheduleTests" time="0.004" classname="NITTestCases.SchedulingTestsValidation">
    <failure type="java.lang.NullPointerException">
      <![CDATA[java.lang.NullPointerException
	at NITTestCases.SchedulingTestsValidation.scheduleTests(SchedulingTestsValidation.java:18)
... Removed 24 stack frames]]>
    </failure>
  </testcase> <!-- scheduleTests -->
</testsuite> <!-- Test2 -->
