<?xml version="1.0" encoding="UTF-8"?>
<testng-results skipped="1" failed="0" total="1" passed="0">
  <reporter-output>
  </reporter-output>
  <suite name="Default suite" duration-ms="69" started-at="2017-03-10T07:38:33Z" finished-at="2017-03-10T07:38:33Z">
    <groups>
    </groups>
    <test name="Default test" duration-ms="69" started-at="2017-03-10T07:38:33Z" finished-at="2017-03-10T07:38:33Z">
      <class name="NITTestCases.SmokeTest">
        <test-method status="PASS" signature="reportSetUp()[pri:0, instance:NITTestCases.SmokeTest@26653222]" name="reportSetUp" is-config="true" duration-ms="5718" started-at="2017-03-10T02:38:28Z" finished-at="2017-03-10T02:38:33Z">
          <reporter-output>
          </reporter-output>
        </test-method> <!-- reportSetUp -->
        <test-method status="FAIL" signature="startbrowser(java.lang.String)[pri:0, instance:NITTestCases.SmokeTest@26653222]" name="startbrowser" is-config="true" duration-ms="0" started-at="2017-03-10T02:38:33Z" finished-at="2017-03-10T02:38:33Z">
          <exception class="org.testng.TestNGException">
            <message>
              <![CDATA[
Parameter 'browserName' is required by @Configuration on method startbrowser but has not been marked @Optional or defined
in C:\Users\FWIN01152\AppData\Local\Temp\testng-eclipse-1724612752\testng-customsuite.xml]]>
            </message>
            <full-stacktrace>
              <![CDATA[org.testng.TestNGException: 
Parameter 'browserName' is required by @Configuration on method startbrowser but has not been marked @Optional or defined
in C:\Users\FWIN01152\AppData\Local\Temp\testng-eclipse-1724612752\testng-customsuite.xml
	at org.testng.internal.Parameters.createParameters(Parameters.java:165)
	at org.testng.internal.Parameters.createParameters(Parameters.java:372)
	at org.testng.internal.Parameters.createConfigurationParameters(Parameters.java:90)
	at org.testng.internal.Invoker.invokeConfigurations(Invoker.java:199)
	at org.testng.internal.Invoker.invokeConfigurations(Invoker.java:140)
	at org.testng.internal.TestMethodWorker.invokeBeforeClassMethods(TestMethodWorker.java:170)
	at org.testng.internal.TestMethodWorker.run(TestMethodWorker.java:104)
	at org.testng.TestRunner.privateRun(TestRunner.java:771)
	at org.testng.TestRunner.run(TestRunner.java:621)
	at org.testng.SuiteRunner.runTest(SuiteRunner.java:357)
	at org.testng.SuiteRunner.runSequentially(SuiteRunner.java:352)
	at org.testng.SuiteRunner.privateRun(SuiteRunner.java:310)
	at org.testng.SuiteRunner.run(SuiteRunner.java:259)
	at org.testng.SuiteRunnerWorker.runSuite(SuiteRunnerWorker.java:52)
	at org.testng.SuiteRunnerWorker.run(SuiteRunnerWorker.java:86)
	at org.testng.TestNG.runSuitesSequentially(TestNG.java:1199)
	at org.testng.TestNG.runSuitesLocally(TestNG.java:1124)
	at org.testng.TestNG.run(TestNG.java:1032)
	at org.testng.remote.AbstractRemoteTestNG.run(AbstractRemoteTestNG.java:132)
	at org.testng.remote.RemoteTestNG.initAndRun(RemoteTestNG.java:236)
	at org.testng.remote.RemoteTestNG.main(RemoteTestNG.java:81)
]]>
            </full-stacktrace>
          </exception> <!-- org.testng.TestNGException -->
          <reporter-output>
          </reporter-output>
        </test-method> <!-- startbrowser -->
        <test-method status="SKIP" signature="comparingPercent()[pri:0, instance:NITTestCases.SmokeTest@26653222]" name="comparingPercent" duration-ms="1" started-at="2017-03-10T02:38:33Z" finished-at="2017-03-10T02:38:33Z">
          <reporter-output>
          </reporter-output>
        </test-method> <!-- comparingPercent -->
        <test-method status="SKIP" signature="endTestCase(org.testng.ITestResult)[pri:0, instance:NITTestCases.SmokeTest@26653222]" name="endTestCase" is-config="true" duration-ms="0" started-at="2017-03-10T02:38:33Z" finished-at="2017-03-10T02:38:33Z">
          <reporter-output>
          </reporter-output>
        </test-method> <!-- endTestCase -->
        <test-method status="SKIP" signature="tearDown()[pri:0, instance:NITTestCases.SmokeTest@26653222]" name="tearDown" is-config="true" duration-ms="0" started-at="2017-03-10T02:38:33Z" finished-at="2017-03-10T02:38:33Z">
          <reporter-output>
          </reporter-output>
        </test-method> <!-- tearDown -->
      </class> <!-- NITTestCases.SmokeTest -->
    </test> <!-- Default test -->
  </suite> <!-- Default suite -->
</testng-results>
